[debug] > Exec(early(addDefaultCommands), None, None)
[debug] > Exec(addDefaultCommands, None, None)
[debug] > Exec(early(initialize), None, None)
[debug] > Exec(initialize, None, None)
[debug] > Exec(early(addPluginSbtFile="""D:\Temp\idea1.sbt"""), None, None)
[debug] > Exec(addPluginSbtFile="""D:\Temp\idea1.sbt""", None, None)
[debug] > Exec(boot, None, None)
[debug] > Exec(writeSbtVersion, None, None)
[debug] > Exec(reload, None, None)
[debug] > Exec(sbtStashOnFailure, None, None)
[debug] > Exec(onFailure loadFailed, None, None)
[debug] > Exec(loadp, None, None)
[info] welcome to sbt 1.11.7 (Oracle Corporation Java 24.0.2)
[debug]       Load.loadUnit: plugins took 159.261ms
[debug]       Load.loadUnit: defsScala took 0.6579ms
[debug] [Loading] Scanning directory C:\Users\Usuario\.sbt\1.0\plugins
[debug] [Loading] Found non-root projects 
[debug] [Loading] Done in C:\Users\Usuario\.sbt\1.0\plugins, returning: ()
[debug] deducing auto plugins based on known facts Set(Atom(sbt.plugins.CorePlugin)) and clauses Clauses(Clause(Atom(sbt.plugins.JvmPlugin),Set(Atom(sbt.plugins.IvyPlugin)))
[debug] Clause(Atom(sbt.ScriptedPlugin),Set(Atom(sbt.plugins.JvmPlugin)))
[debug] Clause(Atom(sbt.plugins.SbtPlugin),Set(Atom(sbt.ScriptedPlugin)))
[debug] Clause(Atom(sbt.plugins.SemanticdbPlugin),Set(Atom(sbt.plugins.JvmPlugin)))
[debug] Clause(Atom(sbt.plugins.JUnitXmlReportPlugin),Set(Atom(sbt.plugins.JvmPlugin)))
[debug] Clause(Atom(sbt.plugins.MiniDependencyTreePlugin),Set(Atom(sbt.plugins.JvmPlugin)))
[debug] Clause(Atom(sbt.plugins.CorePlugin),Set(Atom(sbt.plugins.IvyPlugin)))
[debug] Clause(Atom(sbt.plugins.IvyPlugin),Set(Atom(sbt.plugins.JvmPlugin)))
[debug] Clause(Atom(sbt.plugins.JvmPlugin),Set(Atom(sbt.plugins.SemanticdbPlugin)))
[debug] Clause(Atom(sbt.plugins.JvmPlugin),Set(Atom(sbt.plugins.JUnitXmlReportPlugin)))
[debug] Clause(Atom(sbt.plugins.CorePlugin),Set(Atom(sbt.plugins.Giter8TemplatePlugin)))
[debug] Clause(Atom(sbt.plugins.JvmPlugin),Set(Atom(sbt.plugins.MiniDependencyTreePlugin))))
[debug]   :: deduced result: Matched(sbt.plugins.CorePlugin,sbt.plugins.Giter8TemplatePlugin,sbt.plugins.IvyPlugin,sbt.plugins.JvmPlugin,sbt.plugins.MiniDependencyTreePlugin,sbt.plugins.JUnitXmlReportPlugin,sbt.plugins.SemanticdbPlugin)
[debug] Plugins.deducer#function took 57.0003 ms
[debug]           Load.resolveProject(global-plugins) took 86.1122ms
[debug]         Load.loadTransitive: finalizeProject(Project(id global-plugins, base: C:\Users\Usuario\.sbt\1.0\plugins, plugins: List(<none>))) took 176.6324ms
[debug] [Loading] Done in C:\Users\Usuario\.sbt\1.0\plugins, returning: (global-plugins)
[debug]       Load.loadUnit: loadedProjectsRaw took 215.4046ms
[debug]       Load.loadUnit: cleanEvalClasses took 0.5128ms
[debug]     Load.loadUnit(file:/C:/Users/Usuario/.sbt/1.0/plugins/, ...) took 402.0238ms
[debug]   Load.apply: load took 883.3964ms
[debug]   Load.apply: resolveProjects took 14.3138ms
[debug]   Load.apply: finalTransforms took 204.1359ms
[debug]   Load.apply: config.delegates took 32.492ms
[debug]   Load.apply: Def.make(settings)... took 1098.3222ms
[debug]   Load.apply: structureIndex took 217.677ms
[debug]   Load.apply: mkStreams took 6.1733ms
[info] loading global plugins from C:\Users\Usuario\.sbt\1.0\plugins
[debug] Running task... Cancel: Signal, check cycles: false, forcegc: true
[debug] Load.defaultLoad until apply took 5520.4652ms
[debug]           Load.loadUnit: plugins took 45.5339ms
[debug]           Load.loadUnit: defsScala took 0.0059ms
[debug] [Loading] Scanning directory D:\Mi Informacion\Mis Documentos\Universidad\Sexto Semestre\Programacion Funcional y Concurrente\IdeaProjects\ProyectoRepo\project
[debug]             Load.loadUnit: mkEval took 10.1332ms
[debug] [Loading] Found non-root projects 
[debug] [Loading] Done in D:\Mi Informacion\Mis Documentos\Universidad\Sexto Semestre\Programacion Funcional y Concurrente\IdeaProjects\ProyectoRepo\project, returning: ()
[debug] deducing auto plugins based on known facts Set(Atom(sbt.plugins.CorePlugin)) and clauses Clauses(Clause(Atom(sbt.plugins.JvmPlugin),Set(Atom(sbt.plugins.IvyPlugin)))
[debug] Clause(Atom(sbt.ScriptedPlugin),Set(Atom(sbt.plugins.JvmPlugin)))
[debug] Clause(Atom(sbt.plugins.SbtPlugin),Set(Atom(sbt.ScriptedPlugin)))
[debug] Clause(Atom(sbt.plugins.SemanticdbPlugin),Set(Atom(sbt.plugins.JvmPlugin)))
[debug] Clause(Atom(sbt.plugins.JUnitXmlReportPlugin),Set(Atom(sbt.plugins.JvmPlugin)))
[debug] Clause(Atom(sbt.plugins.MiniDependencyTreePlugin),Set(Atom(sbt.plugins.JvmPlugin)))
[debug] Clause(Atom(sbt.plugins.CorePlugin),Set(Atom(sbt.plugins.IvyPlugin)))
[debug] Clause(Atom(sbt.plugins.IvyPlugin),Set(Atom(sbt.plugins.JvmPlugin)))
[debug] Clause(Atom(sbt.plugins.JvmPlugin),Set(Atom(sbt.plugins.SemanticdbPlugin)))
[debug] Clause(Atom(sbt.plugins.JvmPlugin),Set(Atom(sbt.plugins.JUnitXmlReportPlugin)))
[debug] Clause(Atom(sbt.plugins.CorePlugin),Set(Atom(sbt.plugins.Giter8TemplatePlugin)))
[debug] Clause(Atom(sbt.plugins.JvmPlugin),Set(Atom(sbt.plugins.MiniDependencyTreePlugin))))
[debug]   :: deduced result: Matched(sbt.plugins.CorePlugin,sbt.plugins.Giter8TemplatePlugin,sbt.plugins.IvyPlugin,sbt.plugins.JvmPlugin,sbt.plugins.MiniDependencyTreePlugin,sbt.plugins.JUnitXmlReportPlugin,sbt.plugins.SemanticdbPlugin)
[debug] Plugins.deducer#function took 3.3183 ms
[info] loading settings for project proyectorepo-build from idea1.sbt...
[debug]               Load.resolveProject(proyectorepo-build) took 6.4639ms
[debug]             Load.loadTransitive: finalizeProject(Project(id proyectorepo-build, base: D:\Mi Informacion\Mis Documentos\Universidad\Sexto Semestre\Programacion Funcional y Concurrente\IdeaProjects\ProyectoRepo\project, plugins: List(<none>))) took 10.5876ms
[debug] [Loading] Done in D:\Mi Informacion\Mis Documentos\Universidad\Sexto Semestre\Programacion Funcional y Concurrente\IdeaProjects\ProyectoRepo\project, returning: (proyectorepo-build)
[debug]           Load.loadUnit: loadedProjectsRaw took 315.0115ms
[debug]           Load.loadUnit: cleanEvalClasses took 10.5708ms
[debug]         Load.loadUnit(file:/D:/Mi%20Informacion/Mis%20Documentos/Universidad/Sexto%20Semestre/Programacion%20Funcional%20y%20Concurrente/IdeaProjects/ProyectoRepo/project/, ...) took 372.8024ms
[debug]       Load.apply: load took 375.3475ms
[debug]       Load.apply: resolveProjects took 0.21ms
[debug]       Load.apply: finalTransforms took 21.1395ms
[debug]       Load.apply: config.delegates took 0.7876ms
[debug]       Load.apply: Def.make(settings)... took 226.7377ms
[debug]       Load.apply: structureIndex took 58.3652ms
[debug]       Load.apply: mkStreams took 0.0023ms
[info] loading project definition from D:\Mi Informacion\Mis Documentos\Universidad\Sexto Semestre\Programacion Funcional y Concurrente\IdeaProjects\ProyectoRepo\project
[debug] Running task... Cancel: Signal, check cycles: false, forcegc: true
[debug]     Load.loadUnit: plugins took 1285.6349ms
[debug]     Load.loadUnit: defsScala took 0.0055ms
[debug] [Loading] Scanning directory D:\Mi Informacion\Mis Documentos\Universidad\Sexto Semestre\Programacion Funcional y Concurrente\IdeaProjects\ProyectoRepo
[debug]       Load.loadUnit: mkEval took 0.4563ms
[debug] [Loading] Found root project root w/ remaining 
[debug] deducing auto plugins based on known facts Set(Atom(sbt.plugins.CorePlugin)) and clauses Clauses(Clause(Atom(sbt.plugins.JvmPlugin),Set(Atom(sbt.plugins.IvyPlugin)))
[debug] Clause(Atom(sbt.ScriptedPlugin),Set(Atom(sbt.plugins.JvmPlugin)))
[debug] Clause(Atom(sbt.plugins.SbtPlugin),Set(Atom(sbt.ScriptedPlugin)))
[debug] Clause(Atom(sbt.plugins.SemanticdbPlugin),Set(Atom(sbt.plugins.JvmPlugin)))
[debug] Clause(Atom(sbt.plugins.JUnitXmlReportPlugin),Set(Atom(sbt.plugins.JvmPlugin)))
[debug] Clause(Atom(sbt.plugins.MiniDependencyTreePlugin),Set(Atom(sbt.plugins.JvmPlugin)))
[debug] Clause(Atom(org.jetbrains.sbt.GenerateAllManagedSourcesPlugin),Set(Atom(sbt.plugins.JvmPlugin)))
[debug] Clause(Atom(org.jetbrains.sbt.StructurePlugin),Set(Atom(sbt.plugins.JvmPlugin)))
[debug] Clause(Atom(org.jetbrains.sbt.IdeaShellPlugin),Set(Atom(sbt.plugins.JvmPlugin)))
[debug] Clause(Atom(sbt.plugins.CorePlugin),Set(Atom(sbt.plugins.IvyPlugin)))
[debug] Clause(Atom(sbt.plugins.IvyPlugin),Set(Atom(sbt.plugins.JvmPlugin)))
[debug] Clause(Atom(sbt.plugins.JvmPlugin),Set(Atom(sbt.plugins.SemanticdbPlugin)))
[debug] Clause(Atom(sbt.plugins.JvmPlugin),Set(Atom(sbt.plugins.JUnitXmlReportPlugin)))
[debug] Clause(Atom(sbt.plugins.CorePlugin),Set(Atom(sbt.plugins.Giter8TemplatePlugin)))
[debug] Clause(Atom(sbt.plugins.JvmPlugin),Set(Atom(sbt.plugins.MiniDependencyTreePlugin)))
[debug] Clause(Atom(sbt.plugins.JvmPlugin),Set(Atom(org.jetbrains.sbt.GenerateAllManagedSourcesPlugin)))
[debug] Clause(Atom(sbt.plugins.JvmPlugin),Set(Atom(org.jetbrains.sbt.StructurePlugin)))
[debug] Clause(Atom(sbt.plugins.JvmPlugin),Set(Atom(org.jetbrains.sbt.IdeaShellPlugin))))
[debug]   :: deduced result: Matched(sbt.plugins.CorePlugin,sbt.plugins.Giter8TemplatePlugin,sbt.plugins.IvyPlugin,sbt.plugins.JvmPlugin,org.jetbrains.sbt.GenerateAllManagedSourcesPlugin,sbt.plugins.SemanticdbPlugin,sbt.plugins.JUnitXmlReportPlugin,org.jetbrains.sbt.IdeaShellPlugin,org.jetbrains.sbt.StructurePlugin,sbt.plugins.MiniDependencyTreePlugin)
[debug] Plugins.deducer#function took 3.739 ms
[info] loading settings for project root from build.sbt...
[debug]         Load.resolveProject(root) took 91.0133ms
[debug]       Load.loadTransitive: finalizeProject(Project(id root, base: D:\Mi Informacion\Mis Documentos\Universidad\Sexto Semestre\Programacion Funcional y Concurrente\IdeaProjects\ProyectoRepo, plugins: List(<none>))) took 97.8381ms
[debug] [Loading] Done in D:\Mi Informacion\Mis Documentos\Universidad\Sexto Semestre\Programacion Funcional y Concurrente\IdeaProjects\ProyectoRepo, returning: (root)
[debug]     Load.loadUnit: loadedProjectsRaw took 235.3194ms
[debug]     Load.loadUnit: cleanEvalClasses took 15.3803ms
[debug]   Load.loadUnit(file:/D:/Mi%20Informacion/Mis%20Documentos/Universidad/Sexto%20Semestre/Programacion%20Funcional%20y%20Concurrente/IdeaProjects/ProyectoRepo/, ...) took 1538.0066ms
[debug] Load.apply: load took 1540.7657ms
[debug] Load.apply: resolveProjects took 0.2147ms
[debug] Load.apply: finalTransforms took 71.0817ms
[debug] Load.apply: config.delegates took 0.4408ms
[debug] Load.apply: Def.make(settings)... took 144.7404ms
[debug] Load.apply: structureIndex took 54.1854ms
[debug] Load.apply: mkStreams took 0.002ms
[info] set current project to proyectoFinal (in build file:/D:/Mi%20Informacion/Mis%20Documentos/Universidad/Sexto%20Semestre/Programacion%20Funcional%20y%20Concurrente/IdeaProjects/ProyectoRepo/)
[debug] > Exec(sbtPopOnFailure, None, None)
[debug] > Exec(resumeFromFailure, None, None)
[debug] > Exec(notifyUsersAboutShell, None, None)
[debug] > Exec(iflast shell, None, None)
[debug] > Exec(idea-shell, None, None)
[debug] > Exec(, None, None)
[debug] > Exec(idea-shell, None, None)
