[debug] > Exec(early(addDefaultCommands), None, None)
[debug] > Exec(addDefaultCommands, None, None)
[debug] > Exec(early(initialize), None, None)
[debug] > Exec(initialize, None, None)
[debug] > Exec(early(addPluginSbtFile="""D:\Temp\idea.sbt"""), None, None)
[debug] > Exec(addPluginSbtFile="""D:\Temp\idea.sbt""", None, None)
[debug] > Exec(boot, None, None)
[debug] > Exec(writeSbtVersion, None, None)
[debug] > Exec(reload, None, None)
[debug] > Exec(sbtStashOnFailure, None, None)
[debug] > Exec(onFailure loadFailed, None, None)
[debug] > Exec(loadp, None, None)
[info] welcome to sbt 1.11.7 (Oracle Corporation Java 24.0.2)
[debug]       Load.loadUnit: plugins took 228.2781ms
[debug]       Load.loadUnit: defsScala took 0.854ms
[debug] [Loading] Scanning directory C:\Users\Usuario\.sbt\1.0\plugins
[debug] [Loading] Found non-root projects 
[debug] [Loading] Done in C:\Users\Usuario\.sbt\1.0\plugins, returning: ()
[debug] deducing auto plugins based on known facts Set(Atom(sbt.plugins.CorePlugin)) and clauses Clauses(Clause(Atom(sbt.plugins.JvmPlugin),Set(Atom(sbt.plugins.IvyPlugin)))
[debug] Clause(Atom(sbt.ScriptedPlugin),Set(Atom(sbt.plugins.JvmPlugin)))
[debug] Clause(Atom(sbt.plugins.SbtPlugin),Set(Atom(sbt.ScriptedPlugin)))
[debug] Clause(Atom(sbt.plugins.SemanticdbPlugin),Set(Atom(sbt.plugins.JvmPlugin)))
[debug] Clause(Atom(sbt.plugins.JUnitXmlReportPlugin),Set(Atom(sbt.plugins.JvmPlugin)))
[debug] Clause(Atom(sbt.plugins.MiniDependencyTreePlugin),Set(Atom(sbt.plugins.JvmPlugin)))
[debug] Clause(Atom(sbt.plugins.CorePlugin),Set(Atom(sbt.plugins.IvyPlugin)))
[debug] Clause(Atom(sbt.plugins.IvyPlugin),Set(Atom(sbt.plugins.JvmPlugin)))
[debug] Clause(Atom(sbt.plugins.JvmPlugin),Set(Atom(sbt.plugins.SemanticdbPlugin)))
[debug] Clause(Atom(sbt.plugins.JvmPlugin),Set(Atom(sbt.plugins.JUnitXmlReportPlugin)))
[debug] Clause(Atom(sbt.plugins.CorePlugin),Set(Atom(sbt.plugins.Giter8TemplatePlugin)))
[debug] Clause(Atom(sbt.plugins.JvmPlugin),Set(Atom(sbt.plugins.MiniDependencyTreePlugin))))
[debug]   :: deduced result: Matched(sbt.plugins.CorePlugin,sbt.plugins.Giter8TemplatePlugin,sbt.plugins.IvyPlugin,sbt.plugins.JvmPlugin,sbt.plugins.MiniDependencyTreePlugin,sbt.plugins.JUnitXmlReportPlugin,sbt.plugins.SemanticdbPlugin)
[debug] Plugins.deducer#function took 46.0778 ms
[debug]           Load.resolveProject(global-plugins) took 175.0623ms
[debug]         Load.loadTransitive: finalizeProject(Project(id global-plugins, base: C:\Users\Usuario\.sbt\1.0\plugins, plugins: List(<none>))) took 274.8918ms
[debug] [Loading] Done in C:\Users\Usuario\.sbt\1.0\plugins, returning: (global-plugins)
[debug]       Load.loadUnit: loadedProjectsRaw took 351.305ms
[debug]       Load.loadUnit: cleanEvalClasses took 0.4161ms
[debug]     Load.loadUnit(file:/C:/Users/Usuario/.sbt/1.0/plugins/, ...) took 605.7502ms
[debug]   Load.apply: load took 1066.5347ms
[debug]   Load.apply: resolveProjects took 15.7388ms
[debug]   Load.apply: finalTransforms took 170.721ms
[debug]   Load.apply: config.delegates took 22.1885ms
[debug]   Load.apply: Def.make(settings)... took 1193.4689ms
[debug]   Load.apply: structureIndex took 238.3248ms
[debug]   Load.apply: mkStreams took 6.219ms
[info] loading global plugins from C:\Users\Usuario\.sbt\1.0\plugins
[debug] Running task... Cancel: Signal, check cycles: false, forcegc: true
[debug] Load.defaultLoad until apply took 5843.7714ms
[debug]           Load.loadUnit: plugins took 63.9512ms
[debug]           Load.loadUnit: defsScala took 0.0045ms
[debug] [Loading] Scanning directory D:\Mi Informacion\Mis Documentos\Universidad\Sexto Semestre\Programacion Funcional y Concurrente\IdeaProjects\ProyectoRepo\project
[debug]             Load.loadUnit: mkEval took 10.5571ms
[debug] [Loading] Found non-root projects 
[debug] [Loading] Done in D:\Mi Informacion\Mis Documentos\Universidad\Sexto Semestre\Programacion Funcional y Concurrente\IdeaProjects\ProyectoRepo\project, returning: ()
[debug] deducing auto plugins based on known facts Set(Atom(sbt.plugins.CorePlugin)) and clauses Clauses(Clause(Atom(sbt.plugins.JvmPlugin),Set(Atom(sbt.plugins.IvyPlugin)))
[debug] Clause(Atom(sbt.ScriptedPlugin),Set(Atom(sbt.plugins.JvmPlugin)))
[debug] Clause(Atom(sbt.plugins.SbtPlugin),Set(Atom(sbt.ScriptedPlugin)))
[debug] Clause(Atom(sbt.plugins.SemanticdbPlugin),Set(Atom(sbt.plugins.JvmPlugin)))
[debug] Clause(Atom(sbt.plugins.JUnitXmlReportPlugin),Set(Atom(sbt.plugins.JvmPlugin)))
[debug] Clause(Atom(sbt.plugins.MiniDependencyTreePlugin),Set(Atom(sbt.plugins.JvmPlugin)))
[debug] Clause(Atom(sbt.plugins.CorePlugin),Set(Atom(sbt.plugins.IvyPlugin)))
[debug] Clause(Atom(sbt.plugins.IvyPlugin),Set(Atom(sbt.plugins.JvmPlugin)))
[debug] Clause(Atom(sbt.plugins.JvmPlugin),Set(Atom(sbt.plugins.SemanticdbPlugin)))
[debug] Clause(Atom(sbt.plugins.JvmPlugin),Set(Atom(sbt.plugins.JUnitXmlReportPlugin)))
[debug] Clause(Atom(sbt.plugins.CorePlugin),Set(Atom(sbt.plugins.Giter8TemplatePlugin)))
[debug] Clause(Atom(sbt.plugins.JvmPlugin),Set(Atom(sbt.plugins.MiniDependencyTreePlugin))))
[debug]   :: deduced result: Matched(sbt.plugins.CorePlugin,sbt.plugins.Giter8TemplatePlugin,sbt.plugins.IvyPlugin,sbt.plugins.JvmPlugin,sbt.plugins.MiniDependencyTreePlugin,sbt.plugins.JUnitXmlReportPlugin,sbt.plugins.SemanticdbPlugin)
[debug] Plugins.deducer#function took 2.1919 ms
[info] loading settings for project proyectorepo-build from idea.sbt...
[debug]               Load.resolveProject(proyectorepo-build) took 5.0405ms
[debug]             Load.loadTransitive: finalizeProject(Project(id proyectorepo-build, base: D:\Mi Informacion\Mis Documentos\Universidad\Sexto Semestre\Programacion Funcional y Concurrente\IdeaProjects\ProyectoRepo\project, plugins: List(<none>))) took 7.9762ms
[debug] [Loading] Done in D:\Mi Informacion\Mis Documentos\Universidad\Sexto Semestre\Programacion Funcional y Concurrente\IdeaProjects\ProyectoRepo\project, returning: (proyectorepo-build)
[debug]           Load.loadUnit: loadedProjectsRaw took 5648.7434ms
[debug]           Load.loadUnit: cleanEvalClasses took 15.7239ms
[debug]         Load.loadUnit(file:/D:/Mi%20Informacion/Mis%20Documentos/Universidad/Sexto%20Semestre/Programacion%20Funcional%20y%20Concurrente/IdeaProjects/ProyectoRepo/project/, ...) took 5729.75ms
[debug]       Load.apply: load took 5732.1659ms
[debug]       Load.apply: resolveProjects took 0.2038ms
[debug]       Load.apply: finalTransforms took 21.6897ms
[debug]       Load.apply: config.delegates took 0.5589ms
[debug]       Load.apply: Def.make(settings)... took 158.9482ms
[debug]       Load.apply: structureIndex took 132.32ms
[debug]       Load.apply: mkStreams took 0.0045ms
[info] loading project definition from D:\Mi Informacion\Mis Documentos\Universidad\Sexto Semestre\Programacion Funcional y Concurrente\IdeaProjects\ProyectoRepo\project
[debug] Running task... Cancel: Signal, check cycles: false, forcegc: true
[debug]     Load.loadUnit: plugins took 9436.6673ms
[debug]     Load.loadUnit: defsScala took 0.0086ms
[debug] [Loading] Scanning directory D:\Mi Informacion\Mis Documentos\Universidad\Sexto Semestre\Programacion Funcional y Concurrente\IdeaProjects\ProyectoRepo
[debug]       Load.loadUnit: mkEval took 0.4192ms
[debug] [Loading] Found root project root w/ remaining 
[debug] deducing auto plugins based on known facts Set(Atom(sbt.plugins.CorePlugin)) and clauses Clauses(Clause(Atom(sbt.plugins.JvmPlugin),Set(Atom(sbt.plugins.IvyPlugin)))
[debug] Clause(Atom(sbt.ScriptedPlugin),Set(Atom(sbt.plugins.JvmPlugin)))
[debug] Clause(Atom(sbt.plugins.SbtPlugin),Set(Atom(sbt.ScriptedPlugin)))
[debug] Clause(Atom(sbt.plugins.SemanticdbPlugin),Set(Atom(sbt.plugins.JvmPlugin)))
[debug] Clause(Atom(sbt.plugins.JUnitXmlReportPlugin),Set(Atom(sbt.plugins.JvmPlugin)))
[debug] Clause(Atom(sbt.plugins.MiniDependencyTreePlugin),Set(Atom(sbt.plugins.JvmPlugin)))
[debug] Clause(Atom(org.jetbrains.sbt.GenerateAllManagedSourcesPlugin),Set(Atom(sbt.plugins.JvmPlugin)))
[debug] Clause(Atom(org.jetbrains.sbt.StructurePlugin),Set(Atom(sbt.plugins.JvmPlugin)))
[debug] Clause(Atom(org.jetbrains.sbt.IdeaShellPlugin),Set(Atom(sbt.plugins.JvmPlugin)))
[debug] Clause(Atom(sbt.plugins.CorePlugin),Set(Atom(sbt.plugins.IvyPlugin)))
[debug] Clause(Atom(sbt.plugins.IvyPlugin),Set(Atom(sbt.plugins.JvmPlugin)))
[debug] Clause(Atom(sbt.plugins.JvmPlugin),Set(Atom(sbt.plugins.SemanticdbPlugin)))
[debug] Clause(Atom(sbt.plugins.JvmPlugin),Set(Atom(sbt.plugins.JUnitXmlReportPlugin)))
[debug] Clause(Atom(sbt.plugins.CorePlugin),Set(Atom(sbt.plugins.Giter8TemplatePlugin)))
[debug] Clause(Atom(sbt.plugins.JvmPlugin),Set(Atom(sbt.plugins.MiniDependencyTreePlugin)))
[debug] Clause(Atom(sbt.plugins.JvmPlugin),Set(Atom(org.jetbrains.sbt.GenerateAllManagedSourcesPlugin)))
[debug] Clause(Atom(sbt.plugins.JvmPlugin),Set(Atom(org.jetbrains.sbt.StructurePlugin)))
[debug] Clause(Atom(sbt.plugins.JvmPlugin),Set(Atom(org.jetbrains.sbt.IdeaShellPlugin))))
[debug]   :: deduced result: Matched(sbt.plugins.CorePlugin,sbt.plugins.Giter8TemplatePlugin,sbt.plugins.IvyPlugin,sbt.plugins.JvmPlugin,org.jetbrains.sbt.GenerateAllManagedSourcesPlugin,sbt.plugins.SemanticdbPlugin,sbt.plugins.JUnitXmlReportPlugin,org.jetbrains.sbt.IdeaShellPlugin,org.jetbrains.sbt.StructurePlugin,sbt.plugins.MiniDependencyTreePlugin)
[debug] Plugins.deducer#function took 66.5431 ms
[info] loading settings for project root from build.sbt...
[debug]         Load.resolveProject(root) took 252.7425ms
[debug]       Load.loadTransitive: finalizeProject(Project(id root, base: D:\Mi Informacion\Mis Documentos\Universidad\Sexto Semestre\Programacion Funcional y Concurrente\IdeaProjects\ProyectoRepo, plugins: List(<none>))) took 326.3835ms
[debug] [Loading] Done in D:\Mi Informacion\Mis Documentos\Universidad\Sexto Semestre\Programacion Funcional y Concurrente\IdeaProjects\ProyectoRepo, returning: (root)
[debug]     Load.loadUnit: loadedProjectsRaw took 13862.4786ms
[debug]     Load.loadUnit: cleanEvalClasses took 77.315ms
[debug]   Load.loadUnit(file:/D:/Mi%20Informacion/Mis%20Documentos/Universidad/Sexto%20Semestre/Programacion%20Funcional%20y%20Concurrente/IdeaProjects/ProyectoRepo/, ...) took 23383.1567ms
[debug] Load.apply: load took 23550.9523ms
[debug] Load.apply: resolveProjects took 0.2291ms
[debug] Load.apply: finalTransforms took 343.9168ms
[debug] Load.apply: config.delegates took 33.3467ms
[debug] Load.apply: Def.make(settings)... took 5661.8636ms
[debug] Load.apply: structureIndex took 156.1032ms
[debug] Load.apply: mkStreams took 0.0024ms
[info] set current project to proyectoFinal (in build file:/D:/Mi%20Informacion/Mis%20Documentos/Universidad/Sexto%20Semestre/Programacion%20Funcional%20y%20Concurrente/IdeaProjects/ProyectoRepo/)
[debug] > Exec(sbtPopOnFailure, None, None)
[debug] > Exec(resumeFromFailure, None, None)
[debug] > Exec(notifyUsersAboutShell, None, None)
[debug] > Exec(iflast shell, None, None)
[debug] > Exec(idea-shell, None, None)
[debug] > Exec(, None, None)
[debug] > Exec(idea-shell, None, None)
