[debug] > Exec(run, None, None)
[debug] Evaluating tasks: Compile / run
[debug] Running task... Cancel: Signal, check cycles: false, forcegc: true
[info] compiling 5 Scala sources to D:\Mi Informacion\Mis Documentos\Universidad\Sexto Semestre\Programacion Funcional y Concurrente\IdeaProjects\ProyectoRepo\target\scala-3.3.7\classes ...
[warn] -- Warning: D:\Mi Informacion\Mis Documentos\Universidad\Sexto Semestre\Programacion Funcional y Concurrente\IdeaProjects\ProyectoRepo\src\main\scala\Datos\package.scala:2386:0 
[warn] 2386 |val aeropuertos=List(
[warn]      |^
[warn]      |Line is indented too far to the left, or a `}` is missing
[warn] one warning found
[info] done compiling
[warn] In the last 10 seconds, 6.216 (64,8%) were spent in GC. [Heap: 0,21GB free of 1,50GB, max 1,50GB] Consider increasing the JVM heap using `-Xmx` or try a different collector, e.g. `-XX:+UseG1GC`, for better performance.
[warn] In the last 9 seconds, 8.061 (98,1%) were spent in GC. [Heap: 0,06GB free of 1,50GB, max 1,50GB] Consider increasing the JVM heap using `-Xmx` or try a different collector, e.g. `-XX:+UseG1GC`, for better performance.
[warn] In the last 9 seconds, 8.181 (98,3%) were spent in GC. [Heap: 0,04GB free of 1,50GB, max 1,50GB] Consider increasing the JVM heap using `-Xmx` or try a different collector, e.g. `-XX:+UseG1GC`, for better performance.
[warn] In the last 10 seconds, 7.573 (78,8%) were spent in GC. [Heap: 0,02GB free of 1,50GB, max 1,50GB] Consider increasing the JVM heap using `-Xmx` or try a different collector, e.g. `-XX:+UseG1GC`, for better performance.
[warn] In the last 12 seconds, 10.597 (92,5%) were spent in GC. [Heap: 0,02GB free of 1,50GB, max 1,50GB] Consider increasing the JVM heap using `-Xmx` or try a different collector, e.g. `-XX:+UseG1GC`, for better performance.
[warn] In the last 9 seconds, 8.856 (99,1%) were spent in GC. [Heap: 0,02GB free of 1,50GB, max 1,50GB] Consider increasing the JVM heap using `-Xmx` or try a different collector, e.g. `-XX:+UseG1GC`, for better performance.
[warn] In the last 9 seconds, 8.099 (99,6%) were spent in GC. [Heap: 0,01GB free of 1,50GB, max 1,50GB] Consider increasing the JVM heap using `-Xmx` or try a different collector, e.g. `-XX:+UseG1GC`, for better performance.
[warn] In the last 9 seconds, 8.653 (99,6%) were spent in GC. [Heap: 0,01GB free of 1,50GB, max 1,50GB] Consider increasing the JVM heap using `-Xmx` or try a different collector, e.g. `-XX:+UseG1GC`, for better performance.
[warn] In the last 9 seconds, 8.44 (99,4%) were spent in GC. [Heap: 0,01GB free of 1,50GB, max 1,50GB] Consider increasing the JVM heap using `-Xmx` or try a different collector, e.g. `-XX:+UseG1GC`, for better performance.
[warn] In the last 6 seconds, 5.484 (109,0%) were spent in GC. [Heap: 0,01GB free of 1,50GB, max 1,50GB] Consider increasing the JVM heap using `-Xmx` or try a different collector, e.g. `-XX:+UseG1GC`, for better performance.
[warn] In the last 9 seconds, 8.979 (99,8%) were spent in GC. [Heap: 0,00GB free of 1,50GB, max 1,50GB] Consider increasing the JVM heap using `-Xmx` or try a different collector, e.g. `-XX:+UseG1GC`, for better performance.
[warn] In the last 9 seconds, 8.41 (99,8%) were spent in GC. [Heap: 0,00GB free of 1,50GB, max 1,50GB] Consider increasing the JVM heap using `-Xmx` or try a different collector, e.g. `-XX:+UseG1GC`, for better performance.
[warn] In the last 10 seconds, 13.114 (145,5%) were spent in GC. [Heap: 0,00GB free of 1,50GB, max 1,50GB] Consider increasing the JVM heap using `-Xmx` or try a different collector, e.g. `-XX:+UseG1GC`, for better performance.
[warn] Canceling execution...
[warn] Canceling execution...
[warn] Canceling execution...
[warn] Canceling execution...
